[INFO][21-09-02][com.zk.log4j.log4jTest]info:进入了log4j
[DEBUG][21-09-02][com.zk.log4j.log4jTest]info:进入了log4j
[ERROR][21-09-02][com.zk.log4j.log4jTest]info:进入了log4j
[DEBUG][21-09-02][org.apache.ibatis.logging.LogFactory]Logging initialized using 'class org.apache.ibatis.logging.log4j.Log4jImpl' adapter.
[DEBUG][21-09-02][org.apache.ibatis.datasource.pooled.PooledDataSource]PooledDataSource forcefully closed/removed all connections.
[DEBUG][21-09-02][org.apache.ibatis.datasource.pooled.PooledDataSource]PooledDataSource forcefully closed/removed all connections.
[DEBUG][21-09-02][org.apache.ibatis.datasource.pooled.PooledDataSource]PooledDataSource forcefully closed/removed all connections.
[DEBUG][21-09-02][org.apache.ibatis.datasource.pooled.PooledDataSource]PooledDataSource forcefully closed/removed all connections.
[DEBUG][21-09-02][org.apache.ibatis.logging.LogFactory]Logging initialized using 'class org.apache.ibatis.logging.log4j.Log4jImpl' adapter.
[DEBUG][21-09-02][org.apache.ibatis.datasource.pooled.PooledDataSource]PooledDataSource forcefully closed/removed all connections.
[DEBUG][21-09-02][org.apache.ibatis.datasource.pooled.PooledDataSource]PooledDataSource forcefully closed/removed all connections.
[DEBUG][21-09-02][org.apache.ibatis.datasource.pooled.PooledDataSource]PooledDataSource forcefully closed/removed all connections.
[DEBUG][21-09-02][org.apache.ibatis.datasource.pooled.PooledDataSource]PooledDataSource forcefully closed/removed all connections.
[DEBUG][21-09-02][org.apache.ibatis.transaction.jdbc.JdbcTransaction]Opening JDBC Connection
[DEBUG][21-09-02][org.apache.ibatis.datasource.pooled.PooledDataSource]Created connection 1932274274.
[DEBUG][21-09-02][org.apache.ibatis.transaction.jdbc.JdbcTransaction]Setting autocommit to false on JDBC Connection [com.mysql.jdbc.JDBC4Connection@732c2a62]
[DEBUG][21-09-02][com.zk.Mapper.UserMapper.getUsers]==>  Preparing: select * from user
[DEBUG][21-09-02][com.zk.Mapper.UserMapper.getUsers]==> Parameters: 
[DEBUG][21-09-02][com.zk.Mapper.UserMapper.getUsers]<==      Total: 6
[DEBUG][21-09-02][org.apache.ibatis.transaction.jdbc.JdbcTransaction]Resetting autocommit to true on JDBC Connection [com.mysql.jdbc.JDBC4Connection@732c2a62]
[DEBUG][21-09-02][org.apache.ibatis.transaction.jdbc.JdbcTransaction]Closing JDBC Connection [com.mysql.jdbc.JDBC4Connection@732c2a62]
[DEBUG][21-09-02][org.apache.ibatis.datasource.pooled.PooledDataSource]Returned connection 1932274274 to pool.
[DEBUG][21-09-03][org.apache.ibatis.logging.LogFactory]Logging initialized using 'class org.apache.ibatis.logging.log4j.Log4jImpl' adapter.
[DEBUG][21-09-03][org.apache.ibatis.datasource.pooled.PooledDataSource]PooledDataSource forcefully closed/removed all connections.
[DEBUG][21-09-03][org.apache.ibatis.datasource.pooled.PooledDataSource]PooledDataSource forcefully closed/removed all connections.
[DEBUG][21-09-03][org.apache.ibatis.datasource.pooled.PooledDataSource]PooledDataSource forcefully closed/removed all connections.
[DEBUG][21-09-03][org.apache.ibatis.datasource.pooled.PooledDataSource]PooledDataSource forcefully closed/removed all connections.
[DEBUG][21-09-03][org.apache.ibatis.transaction.jdbc.JdbcTransaction]Opening JDBC Connection
[DEBUG][21-09-03][org.apache.ibatis.datasource.pooled.PooledDataSource]Created connection 1107217291.
[DEBUG][21-09-03][org.apache.ibatis.transaction.jdbc.JdbcTransaction]Setting autocommit to false on JDBC Connection [com.mysql.jdbc.JDBC4Connection@41fecb8b]
[DEBUG][21-09-03][com.zk.Mapper.UserMapper.getUsers]==>  Preparing: select * from user
[DEBUG][21-09-03][com.zk.Mapper.UserMapper.getUsers]==> Parameters: 
[DEBUG][21-09-03][com.zk.Mapper.UserMapper.getUsers]<==      Total: 6
[DEBUG][21-09-03][org.apache.ibatis.transaction.jdbc.JdbcTransaction]Resetting autocommit to true on JDBC Connection [com.mysql.jdbc.JDBC4Connection@41fecb8b]
[DEBUG][21-09-03][org.apache.ibatis.transaction.jdbc.JdbcTransaction]Closing JDBC Connection [com.mysql.jdbc.JDBC4Connection@41fecb8b]
[DEBUG][21-09-03][org.apache.ibatis.datasource.pooled.PooledDataSource]Returned connection 1107217291 to pool.
